<?xml version="1.0" encoding="UTF-8"?>
<testsuite xmlns:xsi="http://www.w3.org/2001/XMLSchema-instance" xsi:noNamespaceSchemaLocation="https://maven.apache.org/surefire/maven-surefire-plugin/xsd/surefire-test-report.xsd" name="UserCreateTest" time="1.55" tests="5" errors="0" skipped="0" failures="0">
  <properties>
    <property name="gopherProxySet" value="false"/>
    <property name="awt.toolkit" value="sun.lwawt.macosx.LWCToolkit"/>
    <property name="java.specification.version" value="11"/>
    <property name="sun.cpu.isalist" value=""/>
    <property name="sun.jnu.encoding" value="UTF-8"/>
    <property name="java.class.path" value="/Users/ekaterina/IdeaProjects/Диплом/Diplom_2/target/test-classes:/Users/ekaterina/IdeaProjects/Диплом/Diplom_2/target/classes:/Users/ekaterina/.m2/repository/io/qameta/allure/allure-junit4/2.15.0/allure-junit4-2.15.0.jar:/Users/ekaterina/.m2/repository/org/aspectj/aspectjweaver/1.9.7/aspectjweaver-1.9.7.jar:/Users/ekaterina/.m2/repository/io/qameta/allure/allure-rest-assured/2.15.0/allure-rest-assured-2.15.0.jar:/Users/ekaterina/.m2/repository/io/qameta/allure/allure-attachments/2.15.0/allure-attachments-2.15.0.jar:/Users/ekaterina/.m2/repository/org/freemarker/freemarker/2.3.31/freemarker-2.3.31.jar:/Users/ekaterina/.m2/repository/io/rest-assured/rest-assured/5.4.0/rest-assured-5.4.0.jar:/Users/ekaterina/.m2/repository/org/apache/groovy/groovy/4.0.16/groovy-4.0.16.jar:/Users/ekaterina/.m2/repository/org/apache/groovy/groovy-xml/4.0.16/groovy-xml-4.0.16.jar:/Users/ekaterina/.m2/repository/org/apache/httpcomponents/httpclient/4.5.13/httpclient-4.5.13.jar:/Users/ekaterina/.m2/repository/org/apache/httpcomponents/httpcore/4.4.13/httpcore-4.4.13.jar:/Users/ekaterina/.m2/repository/commons-logging/commons-logging/1.2/commons-logging-1.2.jar:/Users/ekaterina/.m2/repository/commons-codec/commons-codec/1.11/commons-codec-1.11.jar:/Users/ekaterina/.m2/repository/org/apache/httpcomponents/httpmime/4.5.13/httpmime-4.5.13.jar:/Users/ekaterina/.m2/repository/org/hamcrest/hamcrest/2.2/hamcrest-2.2.jar:/Users/ekaterina/.m2/repository/org/ccil/cowan/tagsoup/tagsoup/1.2.1/tagsoup-1.2.1.jar:/Users/ekaterina/.m2/repository/io/rest-assured/json-path/5.4.0/json-path-5.4.0.jar:/Users/ekaterina/.m2/repository/org/apache/groovy/groovy-json/4.0.16/groovy-json-4.0.16.jar:/Users/ekaterina/.m2/repository/io/rest-assured/rest-assured-common/5.4.0/rest-assured-common-5.4.0.jar:/Users/ekaterina/.m2/repository/io/rest-assured/xml-path/5.4.0/xml-path-5.4.0.jar:/Users/ekaterina/.m2/repository/com/google/code/gson/gson/2.8.9/gson-2.8.9.jar:/Users/ekaterina/.m2/repository/junit/junit/4.13.2/junit-4.13.2.jar:/Users/ekaterina/.m2/repository/org/hamcrest/hamcrest-core/1.3/hamcrest-core-1.3.jar:/Users/ekaterina/.m2/repository/io/qameta/allure/allure-java-commons/2.15.0/allure-java-commons-2.15.0.jar:/Users/ekaterina/.m2/repository/org/slf4j/slf4j-api/1.7.30/slf4j-api-1.7.30.jar:/Users/ekaterina/.m2/repository/io/qameta/allure/allure-model/2.15.0/allure-model-2.15.0.jar:/Users/ekaterina/.m2/repository/com/github/javafaker/javafaker/1.0.2/javafaker-1.0.2.jar:/Users/ekaterina/.m2/repository/org/apache/commons/commons-lang3/3.5/commons-lang3-3.5.jar:/Users/ekaterina/.m2/repository/org/yaml/snakeyaml/1.23/snakeyaml-1.23-android.jar:/Users/ekaterina/.m2/repository/com/github/mifmif/generex/1.0.2/generex-1.0.2.jar:/Users/ekaterina/.m2/repository/dk/brics/automaton/automaton/1.11-8/automaton-1.11-8.jar:"/>
    <property name="java.vm.vendor" value="Amazon.com Inc."/>
    <property name="sun.arch.data.model" value="64"/>
    <property name="java.vendor.url" value="https://aws.amazon.com/corretto/"/>
    <property name="user.timezone" value=""/>
    <property name="java.vm.specification.version" value="11"/>
    <property name="os.name" value="Mac OS X"/>
    <property name="sun.java.launcher" value="SUN_STANDARD"/>
    <property name="user.country" value="RU"/>
    <property name="sun.boot.library.path" value="/Library/Java/JavaVirtualMachines/amazon-corretto-11.jdk/Contents/Home/lib"/>
    <property name="sun.java.command" value="/Users/ekaterina/IdeaProjects/Диплом/Diplom_2/target/surefire/surefirebooter12659420311416320877.jar /Users/ekaterina/IdeaProjects/Диплом/Diplom_2/target/surefire 2024-07-07T23-10-43_748-jvmRun1 surefire5314275045168393396tmp surefire_09606875415300231953tmp"/>
    <property name="http.nonProxyHosts" value="local|*.local|169.254/16|*.169.254/16"/>
    <property name="jdk.debug" value="release"/>
    <property name="surefire.test.class.path" value="/Users/ekaterina/IdeaProjects/Диплом/Diplom_2/target/test-classes:/Users/ekaterina/IdeaProjects/Диплом/Diplom_2/target/classes:/Users/ekaterina/.m2/repository/io/qameta/allure/allure-junit4/2.15.0/allure-junit4-2.15.0.jar:/Users/ekaterina/.m2/repository/org/aspectj/aspectjweaver/1.9.7/aspectjweaver-1.9.7.jar:/Users/ekaterina/.m2/repository/io/qameta/allure/allure-rest-assured/2.15.0/allure-rest-assured-2.15.0.jar:/Users/ekaterina/.m2/repository/io/qameta/allure/allure-attachments/2.15.0/allure-attachments-2.15.0.jar:/Users/ekaterina/.m2/repository/org/freemarker/freemarker/2.3.31/freemarker-2.3.31.jar:/Users/ekaterina/.m2/repository/io/rest-assured/rest-assured/5.4.0/rest-assured-5.4.0.jar:/Users/ekaterina/.m2/repository/org/apache/groovy/groovy/4.0.16/groovy-4.0.16.jar:/Users/ekaterina/.m2/repository/org/apache/groovy/groovy-xml/4.0.16/groovy-xml-4.0.16.jar:/Users/ekaterina/.m2/repository/org/apache/httpcomponents/httpclient/4.5.13/httpclient-4.5.13.jar:/Users/ekaterina/.m2/repository/org/apache/httpcomponents/httpcore/4.4.13/httpcore-4.4.13.jar:/Users/ekaterina/.m2/repository/commons-logging/commons-logging/1.2/commons-logging-1.2.jar:/Users/ekaterina/.m2/repository/commons-codec/commons-codec/1.11/commons-codec-1.11.jar:/Users/ekaterina/.m2/repository/org/apache/httpcomponents/httpmime/4.5.13/httpmime-4.5.13.jar:/Users/ekaterina/.m2/repository/org/hamcrest/hamcrest/2.2/hamcrest-2.2.jar:/Users/ekaterina/.m2/repository/org/ccil/cowan/tagsoup/tagsoup/1.2.1/tagsoup-1.2.1.jar:/Users/ekaterina/.m2/repository/io/rest-assured/json-path/5.4.0/json-path-5.4.0.jar:/Users/ekaterina/.m2/repository/org/apache/groovy/groovy-json/4.0.16/groovy-json-4.0.16.jar:/Users/ekaterina/.m2/repository/io/rest-assured/rest-assured-common/5.4.0/rest-assured-common-5.4.0.jar:/Users/ekaterina/.m2/repository/io/rest-assured/xml-path/5.4.0/xml-path-5.4.0.jar:/Users/ekaterina/.m2/repository/com/google/code/gson/gson/2.8.9/gson-2.8.9.jar:/Users/ekaterina/.m2/repository/junit/junit/4.13.2/junit-4.13.2.jar:/Users/ekaterina/.m2/repository/org/hamcrest/hamcrest-core/1.3/hamcrest-core-1.3.jar:/Users/ekaterina/.m2/repository/io/qameta/allure/allure-java-commons/2.15.0/allure-java-commons-2.15.0.jar:/Users/ekaterina/.m2/repository/org/slf4j/slf4j-api/1.7.30/slf4j-api-1.7.30.jar:/Users/ekaterina/.m2/repository/io/qameta/allure/allure-model/2.15.0/allure-model-2.15.0.jar:/Users/ekaterina/.m2/repository/com/github/javafaker/javafaker/1.0.2/javafaker-1.0.2.jar:/Users/ekaterina/.m2/repository/org/apache/commons/commons-lang3/3.5/commons-lang3-3.5.jar:/Users/ekaterina/.m2/repository/org/yaml/snakeyaml/1.23/snakeyaml-1.23-android.jar:/Users/ekaterina/.m2/repository/com/github/mifmif/generex/1.0.2/generex-1.0.2.jar:/Users/ekaterina/.m2/repository/dk/brics/automaton/automaton/1.11-8/automaton-1.11-8.jar:"/>
    <property name="sun.cpu.endian" value="little"/>
    <property name="allure.results.directory" value="/Users/ekaterina/IdeaProjects/Диплом/Diplom_2/target/allure-results"/>
    <property name="user.home" value="/Users/ekaterina"/>
    <property name="user.language" value="ru"/>
    <property name="java.specification.vendor" value="Oracle Corporation"/>
    <property name="java.version.date" value="2023-10-17"/>
    <property name="java.home" value="/Library/Java/JavaVirtualMachines/amazon-corretto-11.jdk/Contents/Home"/>
    <property name="file.separator" value="/"/>
    <property name="basedir" value="/Users/ekaterina/IdeaProjects/Диплом/Diplom_2"/>
    <property name="java.vm.compressedOopsMode" value="Zero based"/>
    <property name="line.separator" value="&#10;"/>
    <property name="java.specification.name" value="Java Platform API Specification"/>
    <property name="java.vm.specification.vendor" value="Oracle Corporation"/>
    <property name="java.awt.graphicsenv" value="sun.awt.CGraphicsEnvironment"/>
    <property name="surefire.real.class.path" value="/Users/ekaterina/IdeaProjects/Диплом/Diplom_2/target/surefire/surefirebooter12659420311416320877.jar"/>
    <property name="sun.management.compiler" value="HotSpot 64-Bit Tiered Compilers"/>
    <property name="ftp.nonProxyHosts" value="local|*.local|169.254/16|*.169.254/16"/>
    <property name="java.runtime.version" value="11.0.21+9-LTS"/>
    <property name="user.name" value="ekaterina"/>
    <property name="path.separator" value=":"/>
    <property name="os.version" value="14.5"/>
    <property name="java.runtime.name" value="OpenJDK Runtime Environment"/>
    <property name="file.encoding" value="UTF-8"/>
    <property name="java.vm.name" value="OpenJDK 64-Bit Server VM"/>
    <property name="java.vendor.version" value="Corretto-11.0.21.9.1"/>
    <property name="localRepository" value="/Users/ekaterina/.m2/repository"/>
    <property name="java.vendor.url.bug" value="https://github.com/corretto/corretto-11/issues/"/>
    <property name="java.io.tmpdir" value="/var/folders/j4/r2l3dsk52k12clrbtjp8zkw00000gn/T/"/>
    <property name="idea.version" value="2023.3.2"/>
    <property name="java.version" value="11.0.21"/>
    <property name="user.dir" value="/Users/ekaterina/IdeaProjects/Диплом/Diplom_2"/>
    <property name="os.arch" value="x86_64"/>
    <property name="java.vm.specification.name" value="Java Virtual Machine Specification"/>
    <property name="java.awt.printerjob" value="sun.lwawt.macosx.CPrinterJob"/>
    <property name="sun.os.patch.level" value="unknown"/>
    <property name="java.library.path" value="/Users/ekaterina/Library/Java/Extensions:/Library/Java/Extensions:/Network/Library/Java/Extensions:/System/Library/Java/Extensions:/usr/lib/java:."/>
    <property name="java.vm.info" value="mixed mode"/>
    <property name="java.vendor" value="Amazon.com Inc."/>
    <property name="java.vm.version" value="11.0.21+9-LTS"/>
    <property name="java.specification.maintenance.version" value="2"/>
    <property name="sun.io.unicode.encoding" value="UnicodeBig"/>
    <property name="java.class.version" value="55.0"/>
    <property name="socksNonProxyHosts" value="local|*.local|169.254/16|*.169.254/16"/>
  </properties>
  <testcase name="emptyFieldNameCheckOfUserCreation" classname="UserCreateTest" time="0.255"/>
  <testcase name="emptyFieldEmailCheckOfUserCreation" classname="UserCreateTest" time="0.253"/>
  <testcase name="successCreationOfUser" classname="UserCreateTest" time="0.368"/>
  <testcase name="duplicateCheckOfUserCreation" classname="UserCreateTest" time="0.466"/>
  <testcase name="emptyFieldPasswordCheckOfUserCreation" classname="UserCreateTest" time="0.202"/>
</testsuite>